<?xml version="1.0" encoding="UTF-8"?>
<coverage generated="1689577442176" clover="3.2.0">
  <project timestamp="1689577442176" name="All files">
    <metrics statements="298" coveredstatements="98" conditionals="59" coveredconditionals="10" methods="102" coveredmethods="22" elements="459" coveredelements="130" complexity="0" loc="298" ncloc="298" packages="41" files="46" classes="46"/>
    <package name="src">
      <metrics statements="15" coveredstatements="0" conditionals="4" coveredconditionals="0" methods="3" coveredmethods="0"/>
      <file name="App.js" path="/Users/848456/amazon-prime-clone/amazon-prime-clone-app/src/App.js">
        <metrics statements="4" coveredstatements="0" conditionals="0" coveredconditionals="0" methods="1" coveredmethods="0"/>
        <line num="30" count="0" type="stmt"/>
        <line num="34" count="0" type="stmt"/>
        <line num="35" count="0" type="stmt"/>
        <line num="39" count="0" type="stmt"/>
      </file>
      <file name="index.js" path="/Users/848456/amazon-prime-clone/amazon-prime-clone-app/src/index.js">
        <metrics statements="3" coveredstatements="0" conditionals="0" coveredconditionals="0" methods="0" coveredmethods="0"/>
        <line num="14" count="0" type="stmt"/>
        <line num="15" count="0" type="stmt"/>
        <line num="24" count="0" type="stmt"/>
      </file>
      <file name="reportWebVitals.js" path="/Users/848456/amazon-prime-clone/amazon-prime-clone-app/src/reportWebVitals.js">
        <metrics statements="8" coveredstatements="0" conditionals="4" coveredconditionals="0" methods="2" coveredmethods="0"/>
        <line num="1" count="0" type="stmt"/>
        <line num="2" count="0" type="cond" truecount="0" falsecount="4"/>
        <line num="3" count="0" type="stmt"/>
        <line num="4" count="0" type="stmt"/>
        <line num="5" count="0" type="stmt"/>
        <line num="6" count="0" type="stmt"/>
        <line num="7" count="0" type="stmt"/>
        <line num="8" count="0" type="stmt"/>
      </file>
    </package>
    <package name="src.components.Footer">
      <metrics statements="4" coveredstatements="1" conditionals="0" coveredconditionals="0" methods="1" coveredmethods="0"/>
      <file name="Footer.js" path="/Users/848456/amazon-prime-clone/amazon-prime-clone-app/src/components/Footer/Footer.js">
        <metrics statements="4" coveredstatements="1" conditionals="0" coveredconditionals="0" methods="1" coveredmethods="0"/>
        <line num="9" count="1" type="stmt"/>
        <line num="10" count="0" type="stmt"/>
        <line num="11" count="0" type="stmt"/>
        <line num="13" count="0" type="stmt"/>
      </file>
    </package>
    <package name="src.components.Header">
      <metrics statements="3" coveredstatements="1" conditionals="2" coveredconditionals="0" methods="1" coveredmethods="0"/>
      <file name="Header.js" path="/Users/848456/amazon-prime-clone/amazon-prime-clone-app/src/components/Header/Header.js">
        <metrics statements="3" coveredstatements="1" conditionals="2" coveredconditionals="0" methods="1" coveredmethods="0"/>
        <line num="13" count="0" type="stmt"/>
        <line num="15" count="0" type="stmt"/>
        <line num="61" count="1" type="stmt"/>
      </file>
    </package>
    <package name="src.components.MenuList">
      <metrics statements="4" coveredstatements="1" conditionals="0" coveredconditionals="0" methods="2" coveredmethods="0"/>
      <file name="MenuList.js" path="/Users/848456/amazon-prime-clone/amazon-prime-clone-app/src/components/MenuList/MenuList.js">
        <metrics statements="4" coveredstatements="1" conditionals="0" coveredconditionals="0" methods="2" coveredmethods="0"/>
        <line num="7" count="1" type="stmt"/>
        <line num="8" count="0" type="stmt"/>
        <line num="19" count="0" type="stmt"/>
        <line num="22" count="0" type="stmt"/>
      </file>
    </package>
    <package name="src.components.MenuList.MenuItem">
      <metrics statements="3" coveredstatements="2" conditionals="0" coveredconditionals="0" methods="1" coveredmethods="0"/>
      <file name="MenuItem.js" path="/Users/848456/amazon-prime-clone/amazon-prime-clone-app/src/components/MenuList/MenuItem/MenuItem.js">
        <metrics statements="3" coveredstatements="2" conditionals="0" coveredconditionals="0" methods="1" coveredmethods="0"/>
        <line num="5" count="1" type="stmt"/>
        <line num="6" count="0" type="stmt"/>
        <line num="15" count="1" type="stmt"/>
      </file>
    </package>
    <package name="src.components.PageNotFound">
      <metrics statements="2" coveredstatements="1" conditionals="0" coveredconditionals="0" methods="1" coveredmethods="0"/>
      <file name="PageNotFound.js" path="/Users/848456/amazon-prime-clone/amazon-prime-clone-app/src/components/PageNotFound/PageNotFound.js">
        <metrics statements="2" coveredstatements="1" conditionals="0" coveredconditionals="0" methods="1" coveredmethods="0"/>
        <line num="5" count="1" type="stmt"/>
        <line num="6" count="0" type="stmt"/>
      </file>
    </package>
    <package name="src.containers.ErrorBoundary">
      <metrics statements="10" coveredstatements="1" conditionals="2" coveredconditionals="0" methods="3" coveredmethods="0"/>
      <file name="ErrorBoundary.js" path="/Users/848456/amazon-prime-clone/amazon-prime-clone-app/src/containers/ErrorBoundary/ErrorBoundary.js">
        <metrics statements="10" coveredstatements="1" conditionals="2" coveredconditionals="0" methods="3" coveredmethods="0"/>
        <line num="6" count="0" type="stmt"/>
        <line num="16" count="0" type="stmt"/>
        <line num="17" count="0" type="stmt"/>
        <line num="24" count="0" type="stmt"/>
        <line num="25" count="0" type="stmt"/>
        <line num="26" count="0" type="stmt"/>
        <line num="32" count="0" type="cond" truecount="0" falsecount="2"/>
        <line num="33" count="0" type="stmt"/>
        <line num="40" count="0" type="stmt"/>
        <line num="45" count="1" type="stmt"/>
      </file>
    </package>
    <package name="src.contexts">
      <metrics statements="3" coveredstatements="3" conditionals="0" coveredconditionals="0" methods="0" coveredmethods="0"/>
      <file name="CartContext.js" path="/Users/848456/amazon-prime-clone/amazon-prime-clone-app/src/contexts/CartContext.js">
        <metrics statements="1" coveredstatements="1" conditionals="0" coveredconditionals="0" methods="0" coveredmethods="0"/>
        <line num="3" count="1" type="stmt"/>
      </file>
      <file name="PageContext.js" path="/Users/848456/amazon-prime-clone/amazon-prime-clone-app/src/contexts/PageContext.js">
        <metrics statements="2" coveredstatements="2" conditionals="0" coveredconditionals="0" methods="0" coveredmethods="0"/>
        <line num="6" count="1" type="stmt"/>
        <line num="7" count="1" type="stmt"/>
      </file>
    </package>
    <package name="src.hocs">
      <metrics statements="6" coveredstatements="4" conditionals="0" coveredconditionals="0" methods="2" coveredmethods="1"/>
      <file name="applyStyles.js" path="/Users/848456/amazon-prime-clone/amazon-prime-clone-app/src/hocs/applyStyles.js">
        <metrics statements="6" coveredstatements="4" conditionals="0" coveredconditionals="0" methods="2" coveredmethods="1"/>
        <line num="4" count="1" type="stmt"/>
        <line num="7" count="2" type="stmt"/>
        <line num="10" count="2" type="stmt"/>
        <line num="11" count="0" type="stmt"/>
        <line num="13" count="0" type="stmt"/>
        <line num="29" count="2" type="stmt"/>
      </file>
    </package>
    <package name="src.pages.AboutUsPage">
      <metrics statements="3" coveredstatements="1" conditionals="0" coveredconditionals="0" methods="1" coveredmethods="0"/>
      <file name="AboutUsPage.js" path="/Users/848456/amazon-prime-clone/amazon-prime-clone-app/src/pages/AboutUsPage/AboutUsPage.js">
        <metrics statements="3" coveredstatements="1" conditionals="0" coveredconditionals="0" methods="1" coveredmethods="0"/>
        <line num="5" count="1" type="stmt"/>
        <line num="6" count="0" type="stmt"/>
        <line num="7" count="0" type="stmt"/>
      </file>
    </package>
    <package name="src.pages.AboutUsPage.MarkFragment">
      <metrics statements="1" coveredstatements="1" conditionals="0" coveredconditionals="0" methods="1" coveredmethods="0"/>
      <file name="MarkFragment.js" path="/Users/848456/amazon-prime-clone/amazon-prime-clone-app/src/pages/AboutUsPage/MarkFragment/MarkFragment.js">
        <metrics statements="1" coveredstatements="1" conditionals="0" coveredconditionals="0" methods="1" coveredmethods="0"/>
        <line num="1" count="1" type="stmt"/>
      </file>
    </package>
    <package name="src.pages.ContactUsPage">
      <metrics statements="16" coveredstatements="6" conditionals="10" coveredconditionals="3" methods="6" coveredmethods="2"/>
      <file name="ContactUsPage.js" path="/Users/848456/amazon-prime-clone/amazon-prime-clone-app/src/pages/ContactUsPage/ContactUsPage.js">
        <metrics statements="16" coveredstatements="6" conditionals="10" coveredconditionals="3" methods="6" coveredmethods="2"/>
        <line num="5" count="2" type="stmt"/>
        <line num="10" count="4" type="stmt"/>
        <line num="23" count="4" type="stmt"/>
        <line num="24" count="0" type="stmt"/>
        <line num="25" count="0" type="stmt"/>
        <line num="26" count="0" type="stmt"/>
        <line num="34" count="0" type="stmt"/>
        <line num="37" count="0" type="stmt"/>
        <line num="38" count="0" type="cond" truecount="0" falsecount="4"/>
        <line num="39" count="0" type="stmt"/>
        <line num="48" count="0" type="stmt"/>
        <line num="49" count="0" type="stmt"/>
        <line num="57" count="0" type="stmt"/>
        <line num="60" count="4" type="stmt"/>
        <line num="61" count="1" type="stmt"/>
        <line num="63" count="4" type="stmt"/>
      </file>
    </package>
    <package name="src.pages.GalleryPage">
      <metrics statements="12" coveredstatements="1" conditionals="4" coveredconditionals="0" methods="7" coveredmethods="0"/>
      <file name="GalleryPage.js" path="/Users/848456/amazon-prime-clone/amazon-prime-clone-app/src/pages/GalleryPage/GalleryPage.js">
        <metrics statements="12" coveredstatements="1" conditionals="4" coveredconditionals="0" methods="7" coveredmethods="0"/>
        <line num="6" count="1" type="stmt"/>
        <line num="7" count="0" type="stmt"/>
        <line num="8" count="0" type="stmt"/>
        <line num="9" count="0" type="stmt"/>
        <line num="14" count="0" type="stmt"/>
        <line num="18" count="0" type="stmt"/>
        <line num="21" count="0" type="stmt"/>
        <line num="29" count="0" type="stmt"/>
        <line num="30" count="0" type="cond" truecount="0" falsecount="4"/>
        <line num="31" count="0" type="stmt"/>
        <line num="34" count="0" type="stmt"/>
        <line num="44" count="0" type="stmt"/>
      </file>
    </package>
    <package name="src.pages.GalleryPage.GalleryVideo">
      <metrics statements="5" coveredstatements="2" conditionals="4" coveredconditionals="0" methods="2" coveredmethods="0"/>
      <file name="GalleryVideo.js" path="/Users/848456/amazon-prime-clone/amazon-prime-clone-app/src/pages/GalleryPage/GalleryVideo/GalleryVideo.js">
        <metrics statements="5" coveredstatements="2" conditionals="4" coveredconditionals="0" methods="2" coveredmethods="0"/>
        <line num="4" count="1" type="stmt"/>
        <line num="5" count="0" type="stmt"/>
        <line num="6" count="0" type="stmt"/>
        <line num="17" count="0" type="stmt"/>
        <line num="30" count="1" type="stmt"/>
      </file>
    </package>
    <package name="src.pages.HocDemoPage">
      <metrics statements="4" coveredstatements="3" conditionals="0" coveredconditionals="0" methods="1" coveredmethods="0"/>
      <file name="HocDemoPage.js" path="/Users/848456/amazon-prime-clone/amazon-prime-clone-app/src/pages/HocDemoPage/HocDemoPage.js">
        <metrics statements="4" coveredstatements="3" conditionals="0" coveredconditionals="0" methods="1" coveredmethods="0"/>
        <line num="7" count="1" type="stmt"/>
        <line num="8" count="1" type="stmt"/>
        <line num="10" count="1" type="stmt"/>
        <line num="11" count="0" type="stmt"/>
      </file>
    </package>
    <package name="src.pages.HocDemoPage.Bye">
      <metrics statements="4" coveredstatements="2" conditionals="0" coveredconditionals="0" methods="1" coveredmethods="0"/>
      <file name="Bye.js" path="/Users/848456/amazon-prime-clone/amazon-prime-clone-app/src/pages/HocDemoPage/Bye/Bye.js">
        <metrics statements="4" coveredstatements="2" conditionals="0" coveredconditionals="0" methods="1" coveredmethods="0"/>
        <line num="4" count="1" type="stmt"/>
        <line num="5" count="0" type="stmt"/>
        <line num="7" count="0" type="stmt"/>
        <line num="9" count="1" type="stmt"/>
      </file>
    </package>
    <package name="src.pages.HocDemoPage.Hello">
      <metrics statements="4" coveredstatements="2" conditionals="0" coveredconditionals="0" methods="1" coveredmethods="0"/>
      <file name="Hello.js" path="/Users/848456/amazon-prime-clone/amazon-prime-clone-app/src/pages/HocDemoPage/Hello/Hello.js">
        <metrics statements="4" coveredstatements="2" conditionals="0" coveredconditionals="0" methods="1" coveredmethods="0"/>
        <line num="4" count="1" type="stmt"/>
        <line num="5" count="0" type="stmt"/>
        <line num="7" count="0" type="stmt"/>
        <line num="9" count="1" type="stmt"/>
      </file>
    </package>
    <package name="src.pages.HomePage">
      <metrics statements="2" coveredstatements="1" conditionals="0" coveredconditionals="0" methods="1" coveredmethods="0"/>
      <file name="HomePage.js" path="/Users/848456/amazon-prime-clone/amazon-prime-clone-app/src/pages/HomePage/HomePage.js">
        <metrics statements="2" coveredstatements="1" conditionals="0" coveredconditionals="0" methods="1" coveredmethods="0"/>
        <line num="13" count="1" type="stmt"/>
        <line num="15" count="0" type="stmt"/>
      </file>
    </package>
    <package name="src.pages.HomePage.LatestVideo">
      <metrics statements="4" coveredstatements="2" conditionals="0" coveredconditionals="0" methods="1" coveredmethods="0"/>
      <file name="LatestVideo.js" path="/Users/848456/amazon-prime-clone/amazon-prime-clone-app/src/pages/HomePage/LatestVideo/LatestVideo.js">
        <metrics statements="4" coveredstatements="2" conditionals="0" coveredconditionals="0" methods="1" coveredmethods="0"/>
        <line num="3" count="1" type="stmt"/>
        <line num="8" count="0" type="stmt"/>
        <line num="10" count="0" type="stmt"/>
        <line num="29" count="1" type="stmt"/>
      </file>
    </package>
    <package name="src.pages.HomePage.LifeCyclyeDemo">
      <metrics statements="23" coveredstatements="0" conditionals="6" coveredconditionals="0" methods="7" coveredmethods="0"/>
      <file name="LifeCycleDemo.js" path="/Users/848456/amazon-prime-clone/amazon-prime-clone-app/src/pages/HomePage/LifeCyclyeDemo/LifeCycleDemo.js">
        <metrics statements="23" coveredstatements="0" conditionals="6" coveredconditionals="0" methods="7" coveredmethods="0"/>
        <line num="7" count="0" type="stmt"/>
        <line num="8" count="0" type="stmt"/>
        <line num="10" count="0" type="stmt"/>
        <line num="20" count="0" type="stmt"/>
        <line num="25" count="0" type="stmt"/>
        <line num="27" count="0" type="stmt"/>
        <line num="46" count="0" type="stmt"/>
        <line num="50" count="0" type="stmt"/>
        <line num="51" count="0" type="stmt"/>
        <line num="52" count="0" type="stmt"/>
        <line num="53" count="0" type="stmt"/>
        <line num="54" count="0" type="cond" truecount="0" falsecount="2"/>
        <line num="55" count="0" type="stmt"/>
        <line num="58" count="0" type="stmt"/>
        <line num="63" count="0" type="stmt"/>
        <line num="67" count="0" type="stmt"/>
        <line num="72" count="0" type="stmt"/>
        <line num="78" count="0" type="stmt"/>
        <line num="82" count="0" type="cond" truecount="0" falsecount="2"/>
        <line num="83" count="0" type="stmt"/>
        <line num="86" count="0" type="cond" truecount="0" falsecount="2"/>
        <line num="87" count="0" type="stmt"/>
        <line num="94" count="0" type="stmt"/>
      </file>
    </package>
    <package name="src.pages.HomePage.MyProfile">
      <metrics statements="5" coveredstatements="0" conditionals="0" coveredconditionals="0" methods="2" coveredmethods="0"/>
      <file name="MyProfile.js" path="/Users/848456/amazon-prime-clone/amazon-prime-clone-app/src/pages/HomePage/MyProfile/MyProfile.js">
        <metrics statements="5" coveredstatements="0" conditionals="0" coveredconditionals="0" methods="2" coveredmethods="0"/>
        <line num="5" count="0" type="stmt"/>
        <line num="9" count="0" type="stmt"/>
        <line num="10" count="0" type="stmt"/>
        <line num="11" count="0" type="stmt"/>
        <line num="17" count="0" type="stmt"/>
      </file>
    </package>
    <package name="src.pages.HomePage.RecommendedVideoList">
      <metrics statements="11" coveredstatements="0" conditionals="4" coveredconditionals="0" methods="3" coveredmethods="0"/>
      <file name="RecommendedVideoList.js" path="/Users/848456/amazon-prime-clone/amazon-prime-clone-app/src/pages/HomePage/RecommendedVideoList/RecommendedVideoList.js">
        <metrics statements="11" coveredstatements="0" conditionals="4" coveredconditionals="0" methods="3" coveredmethods="0"/>
        <line num="5" count="0" type="stmt"/>
        <line num="38" count="0" type="stmt"/>
        <line num="42" count="0" type="stmt"/>
        <line num="43" count="0" type="stmt"/>
        <line num="46" count="0" type="stmt"/>
        <line num="53" count="0" type="cond" truecount="0" falsecount="4"/>
        <line num="54" count="0" type="stmt"/>
        <line num="63" count="0" type="stmt"/>
        <line num="64" count="0" type="stmt"/>
        <line num="65" count="0" type="stmt"/>
        <line num="75" count="0" type="stmt"/>
      </file>
    </package>
    <package name="src.pages.HomePage.RecommendedVideoList.RecommendedVideo">
      <metrics statements="3" coveredstatements="2" conditionals="2" coveredconditionals="0" methods="1" coveredmethods="0"/>
      <file name="RecommendedVideo.js" path="/Users/848456/amazon-prime-clone/amazon-prime-clone-app/src/pages/HomePage/RecommendedVideoList/RecommendedVideo/RecommendedVideo.js">
        <metrics statements="3" coveredstatements="2" conditionals="2" coveredconditionals="0" methods="1" coveredmethods="0"/>
        <line num="3" count="1" type="stmt"/>
        <line num="4" count="0" type="stmt"/>
        <line num="28" count="1" type="stmt"/>
      </file>
    </package>
    <package name="src.pages.HomePage.Subscription">
      <metrics statements="3" coveredstatements="1" conditionals="0" coveredconditionals="0" methods="1" coveredmethods="0"/>
      <file name="Subscription.js" path="/Users/848456/amazon-prime-clone/amazon-prime-clone-app/src/pages/HomePage/Subscription/Subscription.js">
        <metrics statements="3" coveredstatements="1" conditionals="0" coveredconditionals="0" methods="1" coveredmethods="0"/>
        <line num="4" count="1" type="stmt"/>
        <line num="6" count="0" type="stmt"/>
        <line num="23" count="0" type="stmt"/>
      </file>
    </package>
    <package name="src.pages.HomePage.TrendingVideoList">
      <metrics statements="5" coveredstatements="0" conditionals="0" coveredconditionals="0" methods="3" coveredmethods="0"/>
      <file name="TrendingVideoList.js" path="/Users/848456/amazon-prime-clone/amazon-prime-clone-app/src/pages/HomePage/TrendingVideoList/TrendingVideoList.js">
        <metrics statements="5" coveredstatements="0" conditionals="0" coveredconditionals="0" methods="3" coveredmethods="0"/>
        <line num="20" count="0" type="stmt"/>
        <line num="62" count="0" type="stmt"/>
        <line num="68" count="0" type="stmt"/>
        <line num="75" count="0" type="stmt"/>
        <line num="89" count="0" type="stmt"/>
      </file>
    </package>
    <package name="src.pages.HomePage.TrendingVideoList.TrendingVideo">
      <metrics statements="3" coveredstatements="2" conditionals="0" coveredconditionals="0" methods="1" coveredmethods="0"/>
      <file name="TrendingVideo.js" path="/Users/848456/amazon-prime-clone/amazon-prime-clone-app/src/pages/HomePage/TrendingVideoList/TrendingVideo/TrendingVideo.js">
        <metrics statements="3" coveredstatements="2" conditionals="0" coveredconditionals="0" methods="1" coveredmethods="0"/>
        <line num="4" count="1" type="stmt"/>
        <line num="5" count="0" type="stmt"/>
        <line num="22" count="1" type="stmt"/>
      </file>
    </package>
    <package name="src.pages.HooksDemoPage">
      <metrics statements="2" coveredstatements="1" conditionals="0" coveredconditionals="0" methods="1" coveredmethods="0"/>
      <file name="HooksDemoPage.js" path="/Users/848456/amazon-prime-clone/amazon-prime-clone-app/src/pages/HooksDemoPage/HooksDemoPage.js">
        <metrics statements="2" coveredstatements="1" conditionals="0" coveredconditionals="0" methods="1" coveredmethods="0"/>
        <line num="8" count="1" type="stmt"/>
        <line num="9" count="0" type="stmt"/>
      </file>
    </package>
    <package name="src.pages.HooksDemoPage.Blog">
      <metrics statements="13" coveredstatements="1" conditionals="0" coveredconditionals="0" methods="4" coveredmethods="0"/>
      <file name="Blog.js" path="/Users/848456/amazon-prime-clone/amazon-prime-clone-app/src/pages/HooksDemoPage/Blog/Blog.js">
        <metrics statements="13" coveredstatements="1" conditionals="0" coveredconditionals="0" methods="4" coveredmethods="0"/>
        <line num="4" count="1" type="stmt"/>
        <line num="5" count="0" type="stmt"/>
        <line num="6" count="0" type="stmt"/>
        <line num="7" count="0" type="stmt"/>
        <line num="8" count="0" type="stmt"/>
        <line num="11" count="0" type="stmt"/>
        <line num="13" count="0" type="stmt"/>
        <line num="17" count="0" type="stmt"/>
        <line num="20" count="0" type="stmt"/>
        <line num="22" count="0" type="stmt"/>
        <line num="23" count="0" type="stmt"/>
        <line num="25" count="0" type="stmt"/>
        <line num="35" count="0" type="stmt"/>
      </file>
    </package>
    <package name="src.pages.HooksDemoPage.MyAccount">
      <metrics statements="17" coveredstatements="1" conditionals="2" coveredconditionals="0" methods="4" coveredmethods="0"/>
      <file name="MyAccount.js" path="/Users/848456/amazon-prime-clone/amazon-prime-clone-app/src/pages/HooksDemoPage/MyAccount/MyAccount.js">
        <metrics statements="17" coveredstatements="1" conditionals="2" coveredconditionals="0" methods="4" coveredmethods="0"/>
        <line num="4" count="1" type="stmt"/>
        <line num="5" count="0" type="stmt"/>
        <line num="6" count="0" type="stmt"/>
        <line num="7" count="0" type="stmt"/>
        <line num="8" count="0" type="stmt"/>
        <line num="10" count="0" type="stmt"/>
        <line num="11" count="0" type="stmt"/>
        <line num="13" count="0" type="stmt"/>
        <line num="14" count="0" type="stmt"/>
        <line num="16" count="0" type="stmt"/>
        <line num="17" count="0" type="stmt"/>
        <line num="18" count="0" type="stmt"/>
        <line num="19" count="0" type="stmt"/>
        <line num="22" count="0" type="stmt"/>
        <line num="24" count="0" type="stmt"/>
        <line num="40" count="0" type="stmt"/>
        <line num="49" count="0" type="stmt"/>
      </file>
    </package>
    <package name="src.pages.HooksDemoPage.PaymentForm">
      <metrics statements="6" coveredstatements="1" conditionals="0" coveredconditionals="0" methods="1" coveredmethods="0"/>
      <file name="PaymentForm.js" path="/Users/848456/amazon-prime-clone/amazon-prime-clone-app/src/pages/HooksDemoPage/PaymentForm/PaymentForm.js">
        <metrics statements="6" coveredstatements="1" conditionals="0" coveredconditionals="0" methods="1" coveredmethods="0"/>
        <line num="3" count="1" type="stmt"/>
        <line num="4" count="0" type="stmt"/>
        <line num="5" count="0" type="stmt"/>
        <line num="7" count="0" type="stmt"/>
        <line num="8" count="0" type="stmt"/>
        <line num="10" count="0" type="stmt"/>
      </file>
    </package>
    <package name="src.pages.HooksDemoPage.TodosVariant1">
      <metrics statements="9" coveredstatements="1" conditionals="0" coveredconditionals="0" methods="3" coveredmethods="0"/>
      <file name="TodosVariant1.js" path="/Users/848456/amazon-prime-clone/amazon-prime-clone-app/src/pages/HooksDemoPage/TodosVariant1/TodosVariant1.js">
        <metrics statements="9" coveredstatements="1" conditionals="0" coveredconditionals="0" methods="3" coveredmethods="0"/>
        <line num="3" count="1" type="stmt"/>
        <line num="5" count="0" type="stmt"/>
        <line num="6" count="0" type="stmt"/>
        <line num="8" count="0" type="stmt"/>
        <line num="19" count="0" type="stmt"/>
        <line num="20" count="0" type="stmt"/>
        <line num="21" count="0" type="stmt"/>
        <line num="29" count="0" type="stmt"/>
        <line num="51" count="0" type="stmt"/>
      </file>
    </package>
    <package name="src.pages.HooksDemoPage.TodosVariant2">
      <metrics statements="21" coveredstatements="1" conditionals="4" coveredconditionals="0" methods="8" coveredmethods="0"/>
      <file name="TodosVariant2.js" path="/Users/848456/amazon-prime-clone/amazon-prime-clone-app/src/pages/HooksDemoPage/TodosVariant2/TodosVariant2.js">
        <metrics statements="21" coveredstatements="1" conditionals="4" coveredconditionals="0" methods="8" coveredmethods="0"/>
        <line num="5" count="1" type="stmt"/>
        <line num="6" count="0" type="stmt"/>
        <line num="7" count="0" type="stmt"/>
        <line num="8" count="0" type="stmt"/>
        <line num="9" count="0" type="stmt"/>
        <line num="10" count="0" type="stmt"/>
        <line num="12" count="0" type="stmt"/>
        <line num="22" count="0" type="stmt"/>
        <line num="26" count="0" type="stmt"/>
        <line num="27" count="0" type="stmt"/>
        <line num="34" count="0" type="stmt"/>
        <line num="37" count="0" type="stmt"/>
        <line num="41" count="0" type="stmt"/>
        <line num="42" count="0" type="stmt"/>
        <line num="43" count="0" type="stmt"/>
        <line num="52" count="0" type="stmt"/>
        <line num="53" count="0" type="stmt"/>
        <line num="54" count="0" type="cond" truecount="0" falsecount="4"/>
        <line num="55" count="0" type="stmt"/>
        <line num="63" count="0" type="stmt"/>
        <line num="91" count="0" type="stmt"/>
      </file>
    </package>
    <package name="src.pages.ShopPage">
      <metrics statements="8" coveredstatements="1" conditionals="0" coveredconditionals="0" methods="3" coveredmethods="0"/>
      <file name="ShopPage.js" path="/Users/848456/amazon-prime-clone/amazon-prime-clone-app/src/pages/ShopPage/ShopPage.js">
        <metrics statements="8" coveredstatements="1" conditionals="0" coveredconditionals="0" methods="3" coveredmethods="0"/>
        <line num="5" count="1" type="stmt"/>
        <line num="6" count="0" type="stmt"/>
        <line num="25" count="0" type="stmt"/>
        <line num="26" count="0" type="stmt"/>
        <line num="27" count="0" type="stmt"/>
        <line num="28" count="0" type="stmt"/>
        <line num="33" count="0" type="stmt"/>
        <line num="41" count="0" type="stmt"/>
      </file>
    </package>
    <package name="src.pages.UnitTestDemoPage">
      <metrics statements="2" coveredstatements="1" conditionals="0" coveredconditionals="0" methods="1" coveredmethods="0"/>
      <file name="UnitTestDemoPage.js" path="/Users/848456/amazon-prime-clone/amazon-prime-clone-app/src/pages/UnitTestDemoPage/UnitTestDemoPage.js">
        <metrics statements="2" coveredstatements="1" conditionals="0" coveredconditionals="0" methods="1" coveredmethods="0"/>
        <line num="7" count="1" type="stmt"/>
        <line num="8" count="0" type="stmt"/>
      </file>
    </package>
    <package name="src.pages.UnitTestDemoPage.CompanyInfo">
      <metrics statements="6" coveredstatements="6" conditionals="0" coveredconditionals="0" methods="2" coveredmethods="2"/>
      <file name="CompanyInfo.js" path="/Users/848456/amazon-prime-clone/amazon-prime-clone-app/src/pages/UnitTestDemoPage/CompanyInfo/CompanyInfo.js">
        <metrics statements="6" coveredstatements="6" conditionals="0" coveredconditionals="0" methods="2" coveredmethods="2"/>
        <line num="4" count="2" type="stmt"/>
        <line num="5" count="9" type="stmt"/>
        <line num="7" count="9" type="stmt"/>
        <line num="8" count="1" type="stmt"/>
        <line num="10" count="9" type="stmt"/>
        <line num="51" count="2" type="stmt"/>
      </file>
    </package>
    <package name="src.pages.UnitTestDemoPage.Counter">
      <metrics statements="9" coveredstatements="8" conditionals="4" coveredconditionals="3" methods="3" coveredmethods="3"/>
      <file name="Counter.js" path="/Users/848456/amazon-prime-clone/amazon-prime-clone-app/src/pages/UnitTestDemoPage/Counter/Counter.js">
        <metrics statements="9" coveredstatements="8" conditionals="4" coveredconditionals="3" methods="3" coveredmethods="3"/>
        <line num="2" count="2" type="stmt"/>
        <line num="3" count="19" type="stmt"/>
        <line num="4" count="19" type="stmt"/>
        <line num="5" count="16" type="cond" truecount="2" falsecount="0"/>
        <line num="6" count="14" type="stmt"/>
        <line num="9" count="19" type="stmt"/>
        <line num="10" count="16" type="cond" truecount="1" falsecount="1"/>
        <line num="11" count="0" type="stmt"/>
        <line num="14" count="19" type="stmt"/>
      </file>
    </package>
    <package name="src.pages.UnitTestDemoPage.Posts">
      <metrics statements="10" coveredstatements="9" conditionals="0" coveredconditionals="0" methods="7" coveredmethods="6"/>
      <file name="Posts.js" path="/Users/848456/amazon-prime-clone/amazon-prime-clone-app/src/pages/UnitTestDemoPage/Posts/Posts.js">
        <metrics statements="10" coveredstatements="9" conditionals="0" coveredconditionals="0" methods="7" coveredmethods="6"/>
        <line num="3" count="2" type="stmt"/>
        <line num="4" count="2" type="stmt"/>
        <line num="5" count="2" type="stmt"/>
        <line num="6" count="1" type="stmt"/>
        <line num="9" count="1" type="stmt"/>
        <line num="12" count="1" type="stmt"/>
        <line num="15" count="0" type="stmt"/>
        <line num="18" count="1" type="stmt"/>
        <line num="21" count="2" type="stmt"/>
        <line num="25" count="2" type="stmt"/>
      </file>
    </package>
    <package name="src.pages.UnitTestDemoPage.Posts.mocks">
      <metrics statements="5" coveredstatements="5" conditionals="0" coveredconditionals="0" methods="2" coveredmethods="2"/>
      <file name="mockFetch.js" path="/Users/848456/amazon-prime-clone/amazon-prime-clone-app/src/pages/UnitTestDemoPage/Posts/mocks/mockFetch.js">
        <metrics statements="5" coveredstatements="5" conditionals="0" coveredconditionals="0" methods="2" coveredmethods="2"/>
        <line num="1" count="1" type="stmt"/>
        <line num="14" count="1" type="stmt"/>
        <line num="15" count="1" type="stmt"/>
        <line num="17" count="1" type="stmt"/>
        <line num="20" count="1" type="stmt"/>
      </file>
    </package>
    <package name="src.pages.UnitTestDemoPage.Users">
      <metrics statements="19" coveredstatements="19" conditionals="4" coveredconditionals="4" methods="6" coveredmethods="6"/>
      <file name="Users.js" path="/Users/848456/amazon-prime-clone/amazon-prime-clone-app/src/pages/UnitTestDemoPage/Users/Users.js">
        <metrics statements="19" coveredstatements="19" conditionals="4" coveredconditionals="4" methods="6" coveredmethods="6"/>
        <line num="4" count="2" type="stmt"/>
        <line num="5" count="4" type="stmt"/>
        <line num="6" count="4" type="stmt"/>
        <line num="7" count="4" type="stmt"/>
        <line num="9" count="4" type="stmt"/>
        <line num="10" count="2" type="stmt"/>
        <line num="13" count="1" type="stmt"/>
        <line num="14" count="1" type="stmt"/>
        <line num="15" count="1" type="stmt"/>
        <line num="18" count="1" type="stmt"/>
        <line num="19" count="1" type="stmt"/>
        <line num="20" count="1" type="stmt"/>
        <line num="23" count="2" type="stmt"/>
        <line num="27" count="4" type="cond" truecount="2" falsecount="0"/>
        <line num="28" count="2" type="stmt"/>
        <line num="31" count="2" type="cond" truecount="2" falsecount="0"/>
        <line num="32" count="1" type="stmt"/>
        <line num="37" count="1" type="stmt"/>
        <line num="42" count="2" type="stmt"/>
      </file>
    </package>
    <package name="src.reducers">
      <metrics statements="11" coveredstatements="2" conditionals="7" coveredconditionals="0" methods="2" coveredmethods="0"/>
      <file name="cartReducer.js" path="/Users/848456/amazon-prime-clone/amazon-prime-clone-app/src/reducers/cartReducer.js">
        <metrics statements="5" coveredstatements="1" conditionals="3" coveredconditionals="0" methods="1" coveredmethods="0"/>
        <line num="1" count="1" type="cond" truecount="0" falsecount="1"/>
        <line num="2" count="0" type="stmt"/>
        <line num="3" count="0" type="cond" truecount="0" falsecount="2"/>
        <line num="5" count="0" type="stmt"/>
        <line num="7" count="0" type="stmt"/>
      </file>
      <file name="galleryReducer.js" path="/Users/848456/amazon-prime-clone/amazon-prime-clone-app/src/reducers/galleryReducer.js">
        <metrics statements="0" coveredstatements="0" conditionals="0" coveredconditionals="0" methods="0" coveredmethods="0"/>
      </file>
      <file name="todoReducer.js" path="/Users/848456/amazon-prime-clone/amazon-prime-clone-app/src/reducers/todoReducer.js">
        <metrics statements="6" coveredstatements="1" conditionals="4" coveredconditionals="0" methods="1" coveredmethods="0"/>
        <line num="11" count="1" type="cond" truecount="0" falsecount="1"/>
        <line num="12" count="0" type="stmt"/>
        <line num="14" count="0" type="cond" truecount="0" falsecount="3"/>
        <line num="16" count="0" type="stmt"/>
        <line num="18" count="0" type="stmt"/>
        <line num="21" count="0" type="stmt"/>
      </file>
    </package>
    <package name="src.routes.AppRoutes">
      <metrics statements="2" coveredstatements="1" conditionals="0" coveredconditionals="0" methods="1" coveredmethods="0"/>
      <file name="AppRoutes.js" path="/Users/848456/amazon-prime-clone/amazon-prime-clone-app/src/routes/AppRoutes/AppRoutes.js">
        <metrics statements="2" coveredstatements="1" conditionals="0" coveredconditionals="0" methods="1" coveredmethods="0"/>
        <line num="16" count="1" type="stmt"/>
        <line num="17" count="0" type="stmt"/>
      </file>
    </package>
  </project>
</coverage>
