TN:
SF:src/App.js
FN:28,App
FNF:1
FNH:0
FNDA:0,App
DA:30,0
DA:34,0
DA:35,0
DA:39,0
LF:4
LH:0
BRF:0
BRH:0
end_of_record
TN:
SF:src/index.js
FNF:0
FNH:0
DA:14,0
DA:15,0
DA:24,0
LF:3
LH:0
BRF:0
BRH:0
end_of_record
TN:
SF:src/reportWebVitals.js
FN:1,(anonymous_0)
FN:3,(anonymous_1)
FNF:2
FNH:0
FNDA:0,(anonymous_0)
FNDA:0,(anonymous_1)
DA:1,0
DA:2,0
DA:3,0
DA:4,0
DA:5,0
DA:6,0
DA:7,0
DA:8,0
LF:8
LH:0
BRDA:2,0,0,0
BRDA:2,0,1,0
BRDA:2,1,0,0
BRDA:2,1,1,0
BRF:4
BRH:0
end_of_record
TN:
SF:src/components/Footer/Footer.js
FN:9,(anonymous_0)
FNF:1
FNH:0
FNDA:0,(anonymous_0)
DA:9,1
DA:10,0
DA:11,0
DA:13,0
LF:4
LH:1
BRF:0
BRH:0
end_of_record
TN:
SF:src/components/Header/Header.js
FN:12,Header
FNF:1
FNH:0
FNDA:0,Header
DA:13,0
DA:15,0
DA:61,1
LF:3
LH:1
BRDA:49,0,0,0
BRDA:49,0,1,0
BRF:2
BRH:0
end_of_record
TN:
SF:src/components/MenuList/MenuList.js
FN:7,(anonymous_0)
FN:21,(anonymous_1)
FNF:2
FNH:0
FNDA:0,(anonymous_0)
FNDA:0,(anonymous_1)
DA:7,1
DA:8,0
DA:19,0
DA:22,0
LF:4
LH:1
BRF:0
BRH:0
end_of_record
TN:
SF:src/components/MenuList/MenuItem/MenuItem.js
FN:5,(anonymous_0)
FNF:1
FNH:0
FNDA:0,(anonymous_0)
DA:5,1
DA:6,0
DA:15,1
LF:3
LH:2
BRF:0
BRH:0
end_of_record
TN:
SF:src/components/PageNotFound/PageNotFound.js
FN:5,(anonymous_0)
FNF:1
FNH:0
FNDA:0,(anonymous_0)
DA:5,1
DA:6,0
LF:2
LH:1
BRF:0
BRH:0
end_of_record
TN:
SF:src/containers/ErrorBoundary/ErrorBoundary.js
FN:14,(anonymous_0)
FN:23,(anonymous_1)
FN:31,(anonymous_2)
FNF:3
FNH:0
FNDA:0,(anonymous_0)
FNDA:0,(anonymous_1)
FNDA:0,(anonymous_2)
DA:6,0
DA:16,0
DA:17,0
DA:24,0
DA:25,0
DA:26,0
DA:32,0
DA:33,0
DA:40,0
DA:45,1
LF:10
LH:1
BRDA:32,0,0,0
BRDA:32,0,1,0
BRF:2
BRH:0
end_of_record
TN:
SF:src/contexts/CartContext.js
FNF:0
FNH:0
DA:3,1
LF:1
LH:1
BRF:0
BRH:0
end_of_record
TN:
SF:src/contexts/PageContext.js
FNF:0
FNH:0
DA:6,1
DA:7,1
LF:2
LH:2
BRF:0
BRH:0
end_of_record
TN:
SF:src/hocs/applyStyles.js
FN:4,(anonymous_0)
FN:10,(anonymous_1)
FNF:2
FNH:1
FNDA:2,(anonymous_0)
FNDA:0,(anonymous_1)
DA:4,1
DA:7,2
DA:10,2
DA:11,0
DA:13,0
DA:29,2
LF:6
LH:4
BRF:0
BRH:0
end_of_record
TN:
SF:src/pages/AboutUsPage/AboutUsPage.js
FN:5,(anonymous_0)
FNF:1
FNH:0
FNDA:0,(anonymous_0)
DA:5,1
DA:6,0
DA:7,0
LF:3
LH:1
BRF:0
BRH:0
end_of_record
TN:
SF:src/pages/AboutUsPage/MarkFragment/MarkFragment.js
FN:1,(anonymous_0)
FNF:1
FNH:0
FNDA:0,(anonymous_0)
DA:1,1
LF:1
LH:1
BRF:0
BRH:0
end_of_record
TN:
SF:src/pages/ContactUsPage/ContactUsPage.js
FN:5,(anonymous_0)
FN:23,(anonymous_1)
FN:36,(anonymous_2)
FN:47,(anonymous_3)
FN:56,(anonymous_4)
FN:60,(anonymous_5)
FNF:6
FNH:2
FNDA:4,(anonymous_0)
FNDA:0,(anonymous_1)
FNDA:0,(anonymous_2)
FNDA:0,(anonymous_3)
FNDA:0,(anonymous_4)
FNDA:1,(anonymous_5)
DA:5,2
DA:10,4
DA:23,4
DA:24,0
DA:25,0
DA:26,0
DA:34,0
DA:37,0
DA:38,0
DA:39,0
DA:48,0
DA:49,0
DA:57,0
DA:60,4
DA:61,1
DA:63,4
LF:16
LH:6
BRDA:38,0,0,0
BRDA:38,0,1,0
BRDA:38,1,0,0
BRDA:38,1,1,0
BRDA:131,2,0,0
BRDA:131,2,1,4
BRDA:135,3,0,4
BRDA:135,3,1,0
BRDA:138,4,0,4
BRDA:138,4,1,0
BRF:10
BRH:3
end_of_record
TN:
SF:src/pages/GalleryPage/GalleryPage.js
FN:6,(anonymous_0)
FN:8,(anonymous_1)
FN:11,(anonymous_2)
FN:16,(anonymous_3)
FN:20,(anonymous_4)
FN:29,(anonymous_5)
FN:43,(anonymous_6)
FNF:7
FNH:0
FNDA:0,(anonymous_0)
FNDA:0,(anonymous_1)
FNDA:0,(anonymous_2)
FNDA:0,(anonymous_3)
FNDA:0,(anonymous_4)
FNDA:0,(anonymous_5)
FNDA:0,(anonymous_6)
DA:6,1
DA:7,0
DA:8,0
DA:9,0
DA:14,0
DA:18,0
DA:21,0
DA:29,0
DA:30,0
DA:31,0
DA:34,0
DA:44,0
LF:12
LH:1
BRDA:30,0,0,0
BRDA:30,0,1,0
BRDA:30,1,0,0
BRDA:30,1,1,0
BRF:4
BRH:0
end_of_record
TN:
SF:src/pages/GalleryPage/GalleryVideo/GalleryVideo.js
FN:4,(anonymous_0)
FN:17,(anonymous_1)
FNF:2
FNH:0
FNDA:0,(anonymous_0)
FNDA:0,(anonymous_1)
DA:4,1
DA:5,0
DA:6,0
DA:17,0
DA:30,1
LF:5
LH:2
BRDA:16,0,0,0
BRDA:16,0,1,0
BRDA:19,1,0,0
BRDA:19,1,1,0
BRF:4
BRH:0
end_of_record
TN:
SF:src/pages/HocDemoPage/HocDemoPage.js
FN:10,(anonymous_0)
FNF:1
FNH:0
FNDA:0,(anonymous_0)
DA:7,1
DA:8,1
DA:10,1
DA:11,0
LF:4
LH:3
BRF:0
BRH:0
end_of_record
TN:
SF:src/pages/HocDemoPage/Bye/Bye.js
FN:4,(anonymous_0)
FNF:1
FNH:0
FNDA:0,(anonymous_0)
DA:4,1
DA:5,0
DA:7,0
DA:9,1
LF:4
LH:2
BRF:0
BRH:0
end_of_record
TN:
SF:src/pages/HocDemoPage/Hello/Hello.js
FN:4,(anonymous_0)
FNF:1
FNH:0
FNDA:0,(anonymous_0)
DA:4,1
DA:5,0
DA:7,0
DA:9,1
LF:4
LH:2
BRF:0
BRH:0
end_of_record
TN:
SF:src/pages/HomePage/HomePage.js
FN:13,(anonymous_0)
FNF:1
FNH:0
FNDA:0,(anonymous_0)
DA:13,1
DA:15,0
LF:2
LH:1
BRF:0
BRH:0
end_of_record
TN:
SF:src/pages/HomePage/LatestVideo/LatestVideo.js
FN:3,(anonymous_0)
FNF:1
FNH:0
FNDA:0,(anonymous_0)
DA:3,1
DA:8,0
DA:10,0
DA:29,1
LF:4
LH:2
BRF:0
BRH:0
end_of_record
TN:
SF:src/pages/HomePage/LifeCyclyeDemo/LifeCycleDemo.js
FN:5,(anonymous_0)
FN:19,(anonymous_1)
FN:25,(anonymous_2)
FN:43,(anonymous_3)
FN:62,(anonymous_4)
FN:70,(anonymous_5)
FN:77,(anonymous_6)
FNF:7
FNH:0
FNDA:0,(anonymous_0)
FNDA:0,(anonymous_1)
FNDA:0,(anonymous_2)
FNDA:0,(anonymous_3)
FNDA:0,(anonymous_4)
FNDA:0,(anonymous_5)
FNDA:0,(anonymous_6)
DA:7,0
DA:8,0
DA:10,0
DA:20,0
DA:25,0
DA:27,0
DA:46,0
DA:50,0
DA:51,0
DA:52,0
DA:53,0
DA:54,0
DA:55,0
DA:58,0
DA:63,0
DA:67,0
DA:72,0
DA:78,0
DA:82,0
DA:83,0
DA:86,0
DA:87,0
DA:94,0
LF:23
LH:0
BRDA:54,0,0,0
BRDA:54,0,1,0
BRDA:82,1,0,0
BRDA:82,1,1,0
BRDA:86,2,0,0
BRDA:86,2,1,0
BRF:6
BRH:0
end_of_record
TN:
SF:src/pages/HomePage/MyProfile/MyProfile.js
FN:9,(anonymous_0)
FN:16,(anonymous_1)
FNF:2
FNH:0
FNDA:0,(anonymous_0)
FNDA:0,(anonymous_1)
DA:5,0
DA:9,0
DA:10,0
DA:11,0
DA:17,0
LF:5
LH:0
BRF:0
BRH:0
end_of_record
TN:
SF:src/pages/HomePage/RecommendedVideoList/RecommendedVideoList.js
FN:38,(anonymous_0)
FN:51,(anonymous_1)
FN:64,(anonymous_2)
FNF:3
FNH:0
FNDA:0,(anonymous_0)
FNDA:0,(anonymous_1)
FNDA:0,(anonymous_2)
DA:5,0
DA:38,0
DA:42,0
DA:43,0
DA:46,0
DA:53,0
DA:54,0
DA:63,0
DA:64,0
DA:65,0
DA:75,0
LF:11
LH:0
BRDA:53,0,0,0
BRDA:53,0,1,0
BRDA:53,1,0,0
BRDA:53,1,1,0
BRF:4
BRH:0
end_of_record
TN:
SF:src/pages/HomePage/RecommendedVideoList/RecommendedVideo/RecommendedVideo.js
FN:3,(anonymous_0)
FNF:1
FNH:0
FNDA:0,(anonymous_0)
DA:3,1
DA:4,0
DA:28,1
LF:3
LH:2
BRDA:20,0,0,0
BRDA:20,0,1,0
BRF:2
BRH:0
end_of_record
TN:
SF:src/pages/HomePage/Subscription/Subscription.js
FN:4,(anonymous_0)
FNF:1
FNH:0
FNDA:0,(anonymous_0)
DA:4,1
DA:6,0
DA:23,0
LF:3
LH:1
BRF:0
BRH:0
end_of_record
TN:
SF:src/pages/HomePage/TrendingVideoList/TrendingVideoList.js
FN:62,(anonymous_0)
FN:74,(anonymous_1)
FN:88,(anonymous_2)
FNF:3
FNH:0
FNDA:0,(anonymous_0)
FNDA:0,(anonymous_1)
FNDA:0,(anonymous_2)
DA:20,0
DA:62,0
DA:68,0
DA:75,0
DA:89,0
LF:5
LH:0
BRF:0
BRH:0
end_of_record
TN:
SF:src/pages/HomePage/TrendingVideoList/TrendingVideo/TrendingVideo.js
FN:4,(anonymous_0)
FNF:1
FNH:0
FNDA:0,(anonymous_0)
DA:4,1
DA:5,0
DA:22,1
LF:3
LH:2
BRF:0
BRH:0
end_of_record
TN:
SF:src/pages/HooksDemoPage/HooksDemoPage.js
FN:8,(anonymous_0)
FNF:1
FNH:0
FNDA:0,(anonymous_0)
DA:8,1
DA:9,0
LF:2
LH:1
BRF:0
BRH:0
end_of_record
TN:
SF:src/pages/HooksDemoPage/Blog/Blog.js
FN:4,(anonymous_0)
FN:11,(anonymous_1)
FN:20,(anonymous_2)
FN:35,(anonymous_3)
FNF:4
FNH:0
FNDA:0,(anonymous_0)
FNDA:0,(anonymous_1)
FNDA:0,(anonymous_2)
FNDA:0,(anonymous_3)
DA:4,1
DA:5,0
DA:6,0
DA:7,0
DA:8,0
DA:11,0
DA:13,0
DA:17,0
DA:20,0
DA:22,0
DA:23,0
DA:25,0
DA:35,0
LF:13
LH:1
BRF:0
BRH:0
end_of_record
TN:
SF:src/pages/HooksDemoPage/MyAccount/MyAccount.js
FN:4,(anonymous_0)
FN:16,(anonymous_1)
FN:39,(anonymous_2)
FN:49,(anonymous_3)
FNF:4
FNH:0
FNDA:0,(anonymous_0)
FNDA:0,(anonymous_1)
FNDA:0,(anonymous_2)
FNDA:0,(anonymous_3)
DA:4,1
DA:5,0
DA:6,0
DA:7,0
DA:8,0
DA:10,0
DA:11,0
DA:13,0
DA:14,0
DA:16,0
DA:17,0
DA:18,0
DA:19,0
DA:22,0
DA:24,0
DA:40,0
DA:49,0
LF:17
LH:1
BRDA:51,0,0,0
BRDA:51,0,1,0
BRF:2
BRH:0
end_of_record
TN:
SF:src/pages/HooksDemoPage/PaymentForm/PaymentForm.js
FN:3,(anonymous_0)
FNF:1
FNH:0
FNDA:0,(anonymous_0)
DA:3,1
DA:4,0
DA:5,0
DA:7,0
DA:8,0
DA:10,0
LF:6
LH:1
BRF:0
BRH:0
end_of_record
TN:
SF:src/pages/HooksDemoPage/TodosVariant1/TodosVariant1.js
FN:3,(anonymous_0)
FN:19,(anonymous_1)
FN:50,(anonymous_2)
FNF:3
FNH:0
FNDA:0,(anonymous_0)
FNDA:0,(anonymous_1)
FNDA:0,(anonymous_2)
DA:3,1
DA:5,0
DA:6,0
DA:8,0
DA:19,0
DA:20,0
DA:21,0
DA:29,0
DA:51,0
LF:9
LH:1
BRF:0
BRH:0
end_of_record
TN:
SF:src/pages/HooksDemoPage/TodosVariant2/TodosVariant2.js
FN:5,(anonymous_0)
FN:12,(anonymous_1)
FN:24,(anonymous_2)
FN:32,(anonymous_3)
FN:36,(anonymous_4)
FN:41,(anonymous_5)
FN:53,(anonymous_6)
FN:90,(anonymous_7)
FNF:8
FNH:0
FNDA:0,(anonymous_0)
FNDA:0,(anonymous_1)
FNDA:0,(anonymous_2)
FNDA:0,(anonymous_3)
FNDA:0,(anonymous_4)
FNDA:0,(anonymous_5)
FNDA:0,(anonymous_6)
FNDA:0,(anonymous_7)
DA:5,1
DA:6,0
DA:7,0
DA:8,0
DA:9,0
DA:10,0
DA:12,0
DA:22,0
DA:26,0
DA:27,0
DA:34,0
DA:37,0
DA:41,0
DA:42,0
DA:43,0
DA:52,0
DA:53,0
DA:54,0
DA:55,0
DA:63,0
DA:91,0
LF:21
LH:1
BRDA:54,0,0,0
BRDA:54,0,1,0
BRDA:54,1,0,0
BRDA:54,1,1,0
BRF:4
BRH:0
end_of_record
TN:
SF:src/pages/ShopPage/ShopPage.js
FN:5,(anonymous_0)
FN:27,(anonymous_1)
FN:40,(anonymous_2)
FNF:3
FNH:0
FNDA:0,(anonymous_0)
FNDA:0,(anonymous_1)
FNDA:0,(anonymous_2)
DA:5,1
DA:6,0
DA:25,0
DA:26,0
DA:27,0
DA:28,0
DA:33,0
DA:41,0
LF:8
LH:1
BRF:0
BRH:0
end_of_record
TN:
SF:src/pages/UnitTestDemoPage/UnitTestDemoPage.js
FN:7,(anonymous_0)
FNF:1
FNH:0
FNDA:0,(anonymous_0)
DA:7,1
DA:8,0
LF:2
LH:1
BRF:0
BRH:0
end_of_record
TN:
SF:src/pages/UnitTestDemoPage/CompanyInfo/CompanyInfo.js
FN:4,(anonymous_0)
FN:7,(anonymous_1)
FNF:2
FNH:2
FNDA:9,(anonymous_0)
FNDA:1,(anonymous_1)
DA:4,2
DA:5,9
DA:7,9
DA:8,1
DA:10,9
DA:51,2
LF:6
LH:6
BRF:0
BRH:0
end_of_record
TN:
SF:src/pages/UnitTestDemoPage/Counter/Counter.js
FN:2,(anonymous_0)
FN:4,(anonymous_1)
FN:9,(anonymous_2)
FNF:3
FNH:3
FNDA:19,(anonymous_0)
FNDA:16,(anonymous_1)
FNDA:16,(anonymous_2)
DA:2,2
DA:3,19
DA:4,19
DA:5,16
DA:6,14
DA:9,19
DA:10,16
DA:11,0
DA:14,19
LF:9
LH:8
BRDA:5,0,0,14
BRDA:5,0,1,2
BRDA:10,1,0,0
BRDA:10,1,1,16
BRF:4
BRH:3
end_of_record
TN:
SF:src/pages/UnitTestDemoPage/Posts/Posts.js
FN:3,(anonymous_0)
FN:5,(anonymous_1)
FN:7,(anonymous_2)
FN:11,(anonymous_3)
FN:14,(anonymous_4)
FN:17,(anonymous_5)
FN:24,(anonymous_6)
FNF:7
FNH:6
FNDA:2,(anonymous_0)
FNDA:1,(anonymous_1)
FNDA:1,(anonymous_2)
FNDA:1,(anonymous_3)
FNDA:0,(anonymous_4)
FNDA:1,(anonymous_5)
FNDA:2,(anonymous_6)
DA:3,2
DA:4,2
DA:5,2
DA:6,1
DA:9,1
DA:12,1
DA:15,0
DA:18,1
DA:21,2
DA:25,2
LF:10
LH:9
BRF:0
BRH:0
end_of_record
TN:
SF:src/pages/UnitTestDemoPage/Posts/mocks/mockFetch.js
FN:14,(anonymous_0)
FN:16,(anonymous_1)
FNF:2
FNH:2
FNDA:1,(anonymous_0)
FNDA:1,(anonymous_1)
DA:1,1
DA:14,1
DA:15,1
DA:17,1
DA:20,1
LF:5
LH:5
BRF:0
BRH:0
end_of_record
TN:
SF:src/pages/UnitTestDemoPage/Users/Users.js
FN:4,(anonymous_0)
FN:9,(anonymous_1)
FN:12,(anonymous_2)
FN:17,(anonymous_3)
FN:22,(anonymous_4)
FN:41,(anonymous_5)
FNF:6
FNH:6
FNDA:4,(anonymous_0)
FNDA:2,(anonymous_1)
FNDA:1,(anonymous_2)
FNDA:1,(anonymous_3)
FNDA:2,(anonymous_4)
FNDA:2,(anonymous_5)
DA:4,2
DA:5,4
DA:6,4
DA:7,4
DA:9,4
DA:10,2
DA:13,1
DA:14,1
DA:15,1
DA:18,1
DA:19,1
DA:20,1
DA:23,2
DA:27,4
DA:28,2
DA:31,2
DA:32,1
DA:37,1
DA:42,2
LF:19
LH:19
BRDA:27,0,0,2
BRDA:27,0,1,2
BRDA:31,1,0,1
BRDA:31,1,1,1
BRF:4
BRH:4
end_of_record
TN:
SF:src/reducers/cartReducer.js
FN:1,(anonymous_0)
FNF:1
FNH:0
FNDA:0,(anonymous_0)
DA:1,1
DA:2,0
DA:3,0
DA:5,0
DA:7,0
LF:5
LH:1
BRDA:1,0,0,0
BRDA:3,1,0,0
BRDA:3,1,1,0
BRF:3
BRH:0
end_of_record
TN:
SF:src/reducers/galleryReducer.js
FNF:0
FNH:0
LF:0
LH:0
BRF:0
BRH:0
end_of_record
TN:
SF:src/reducers/todoReducer.js
FN:11,(anonymous_0)
FNF:1
FNH:0
FNDA:0,(anonymous_0)
DA:11,1
DA:12,0
DA:14,0
DA:16,0
DA:18,0
DA:21,0
LF:6
LH:1
BRDA:11,0,0,0
BRDA:14,1,0,0
BRDA:14,1,1,0
BRDA:14,1,2,0
BRF:4
BRH:0
end_of_record
TN:
SF:src/routes/AppRoutes/AppRoutes.js
FN:16,(anonymous_0)
FNF:1
FNH:0
FNDA:0,(anonymous_0)
DA:16,1
DA:17,0
LF:2
LH:1
BRF:0
BRH:0
end_of_record
